***  Installation Started 06/24/03 9:24  ***
Title: Blinker 7.0 Installation
Source: A:\SETUP.EXE
Made Dir: F:\APLICA.DOS\LENGUAJE\Blinker7
File Copy: F:\APLICA.DOS\LENGUAJE\Blinker7\UNWISE.EXE
RegDB Key: Software\Microsoft\Windows\CurrentVersion\Uninstall\Blinker 7.0
RegDB Val: Blinker 7.0
RegDB Name: DisplayName
RegDB Root: 2
RegDB Key: Software\Microsoft\Windows\CurrentVersion\Uninstall\Blinker 7.0
RegDB Val: F:\APLICA.DOS\LENGUAJE\BLINKER7\UNWISE.EXE F:\APLICA.DOS\LENGUAJE\BLINKER7\INSTALL.LOG
RegDB Name: UninstallString
RegDB Root: 2
Made Dir: F:\APLICA.DOS\LENGUAJE\Blinker7\Zaf
File Copy: F:\APLICA.DOS\LENGUAJE\Blinker7\Zaf\Hello.lnk
Made Dir: F:\APLICA.DOS\LENGUAJE\Blinker7\Xpp
Made Dir: F:\APLICA.DOS\LENGUAJE\Blinker7\Xpp\Dll
File Copy: F:\APLICA.DOS\LENGUAJE\Blinker7\Xpp\Dll\Xdll2.lnk
File Copy: F:\APLICA.DOS\LENGUAJE\Blinker7\3rdparty.txt
Made Dir: F:\APLICA.DOS\LENGUAJE\Blinker7\Asm
File Copy: F:\APLICA.DOS\LENGUAJE\Blinker7\Asm\Blerrprg.asm
File Copy: F:\APLICA.DOS\LENGUAJE\Blinker7\Asm\Limerick.asm
File Copy: F:\APLICA.DOS\LENGUAJE\Blinker7\Asm\Test.asm
File Copy: F:\APLICA.DOS\LENGUAJE\Blinker7\Asm\Testovl.lnk
Made Dir: F:\APLICA.DOS\LENGUAJE\Blinker7\Bas
File Copy: F:\APLICA.DOS\LENGUAJE\Blinker7\Bas\Blerrprg.bas
File Copy: F:\APLICA.DOS\LENGUAJE\Blinker7\Bas\Blinker.bi
File Copy: F:\APLICA.DOS\LENGUAJE\Blinker7\Bas\Limerick.bas
File Copy: F:\APLICA.DOS\LENGUAJE\Blinker7\Bas\Swapdemo.bas
File Copy: F:\APLICA.DOS\LENGUAJE\Blinker7\Bas\Test.bas
File Copy: F:\APLICA.DOS\LENGUAJE\Blinker7\Bas\Testovl.lnk
Made Dir: F:\APLICA.DOS\LENGUAJE\Blinker7\Bin
File Copy: F:\APLICA.DOS\LENGUAJE\Blinker7\Bin\Bcc286.bat
File Copy: F:\APLICA.DOS\LENGUAJE\Blinker7\Bin\Blibld.exe
File Copy: F:\APLICA.DOS\LENGUAJE\Blinker7\Bin\Blicfg.exe
File Copy: F:\APLICA.DOS\LENGUAJE\Blinker7\Bin\Bligpf.exe
File Copy: F:\APLICA.DOS\LENGUAJE\Blinker7\Bin\Blilib.exe
File Copy: F:\APLICA.DOS\LENGUAJE\Blinker7\Bin\Blinker.com
File Copy: F:\APLICA.DOS\LENGUAJE\Blinker7\Bin\Blinkmem.exe
File Copy: F:\APLICA.DOS\LENGUAJE\Blinker7\Blinker.hlp
Made Dir: F:\APLICA.DOS\LENGUAJE\Blinker7\C
File Copy: F:\APLICA.DOS\LENGUAJE\Blinker7\C\All.nmk
File Copy: F:\APLICA.DOS\LENGUAJE\Blinker7\C\Apitst.c
File Copy: F:\APLICA.DOS\LENGUAJE\Blinker7\C\Blerrprg.c
File Copy: F:\APLICA.DOS\LENGUAJE\Blinker7\C\Blinker.h
File Copy: F:\APLICA.DOS\LENGUAJE\Blinker7\C\Blx286.h
Made Dir: F:\APLICA.DOS\LENGUAJE\Blinker7\C\Dll
Made Dir: F:\APLICA.DOS\LENGUAJE\Blinker7\C\Dll\Dyn
File Copy: F:\APLICA.DOS\LENGUAJE\Blinker7\C\Dll\Dyn\D.c
File Copy: F:\APLICA.DOS\LENGUAJE\Blinker7\C\Dll\Dyn\Dw.def
File Copy: F:\APLICA.DOS\LENGUAJE\Blinker7\C\Dll\Dyn\Dw.lnk
File Copy: F:\APLICA.DOS\LENGUAJE\Blinker7\C\Dll\Dyn\Dwb.lnk
File Copy: F:\APLICA.DOS\LENGUAJE\Blinker7\C\Dll\Dyn\Dwm.lnk
File Copy: F:\APLICA.DOS\LENGUAJE\Blinker7\C\Dll\Dyn\Make.bat
File Copy: F:\APLICA.DOS\LENGUAJE\Blinker7\C\Dll\Dyn\T.c
File Copy: F:\APLICA.DOS\LENGUAJE\Blinker7\C\Dll\Dyn\T.lnk
File Copy: F:\APLICA.DOS\LENGUAJE\Blinker7\C\Dll\Dyn\T.nmk
File Copy: F:\APLICA.DOS\LENGUAJE\Blinker7\C\Dll\Dyn\Tb.lnk
File Copy: F:\APLICA.DOS\LENGUAJE\Blinker7\C\Dll\Dyn\Tm.lnk
File Copy: F:\APLICA.DOS\LENGUAJE\Blinker7\C\Dll\Dyn\Tw.c
File Copy: F:\APLICA.DOS\LENGUAJE\Blinker7\C\Dll\Dyn\Tw.def
File Copy: F:\APLICA.DOS\LENGUAJE\Blinker7\C\Dll\Dyn\Tw.lnk
File Copy: F:\APLICA.DOS\LENGUAJE\Blinker7\C\Dll\Dyn\Twb.lnk
File Copy: F:\APLICA.DOS\LENGUAJE\Blinker7\C\Dll\Dyn\Twm.lnk
Made Dir: F:\APLICA.DOS\LENGUAJE\Blinker7\C\Dll\Ext
File Copy: F:\APLICA.DOS\LENGUAJE\Blinker7\C\Dll\Ext\D.c
File Copy: F:\APLICA.DOS\LENGUAJE\Blinker7\C\Dll\Ext\D.lnk
File Copy: F:\APLICA.DOS\LENGUAJE\Blinker7\C\Dll\Ext\Dm.lnk
File Copy: F:\APLICA.DOS\LENGUAJE\Blinker7\C\Dll\Ext\Make.bat
File Copy: F:\APLICA.DOS\LENGUAJE\Blinker7\C\Dll\Ext\T.c
File Copy: F:\APLICA.DOS\LENGUAJE\Blinker7\C\Dll\Ext\T.lnk
File Copy: F:\APLICA.DOS\LENGUAJE\Blinker7\C\Dll\Ext\T.nmk
File Copy: F:\APLICA.DOS\LENGUAJE\Blinker7\C\Dll\Ext\Tm.lnk
Made Dir: F:\APLICA.DOS\LENGUAJE\Blinker7\C\Dll\Stc
File Copy: F:\APLICA.DOS\LENGUAJE\Blinker7\C\Dll\Stc\D.c
File Copy: F:\APLICA.DOS\LENGUAJE\Blinker7\C\Dll\Stc\Dw.def
File Copy: F:\APLICA.DOS\LENGUAJE\Blinker7\C\Dll\Stc\Dw.lnk
File Copy: F:\APLICA.DOS\LENGUAJE\Blinker7\C\Dll\Stc\Dwb.lnk
File Copy: F:\APLICA.DOS\LENGUAJE\Blinker7\C\Dll\Stc\Dwm.lnk
File Copy: F:\APLICA.DOS\LENGUAJE\Blinker7\C\Dll\Stc\Make.bat
File Copy: F:\APLICA.DOS\LENGUAJE\Blinker7\C\Dll\Stc\T.c
File Copy: F:\APLICA.DOS\LENGUAJE\Blinker7\C\Dll\Stc\T.lnk
File Copy: F:\APLICA.DOS\LENGUAJE\Blinker7\C\Dll\Stc\T.nmk
File Copy: F:\APLICA.DOS\LENGUAJE\Blinker7\C\Dll\Stc\Tb.lnk
File Copy: F:\APLICA.DOS\LENGUAJE\Blinker7\C\Dll\Stc\Tm.lnk
File Copy: F:\APLICA.DOS\LENGUAJE\Blinker7\C\Dll\Stc\Tw.c
File Copy: F:\APLICA.DOS\LENGUAJE\Blinker7\C\Dll\Stc\Tw.def
File Copy: F:\APLICA.DOS\LENGUAJE\Blinker7\C\Dll\Stc\Tw.lnk
File Copy: F:\APLICA.DOS\LENGUAJE\Blinker7\C\Dll\Stc\Twb.lnk
File Copy: F:\APLICA.DOS\LENGUAJE\Blinker7\C\Dll\Stc\Twm.lnk
File Copy: F:\APLICA.DOS\LENGUAJE\Blinker7\C\Gpfhan.c
File Copy: F:\APLICA.DOS\LENGUAJE\Blinker7\C\Inthand.asm
File Copy: F:\APLICA.DOS\LENGUAJE\Blinker7\C\Intmain.c
File Copy: F:\APLICA.DOS\LENGUAJE\Blinker7\C\Intmain.lnk
File Copy: F:\APLICA.DOS\LENGUAJE\Blinker7\C\Limerick.c
File Copy: F:\APLICA.DOS\LENGUAJE\Blinker7\C\Phapi.h
File Copy: F:\APLICA.DOS\LENGUAJE\Blinker7\C\Seldmp.c
File Copy: F:\APLICA.DOS\LENGUAJE\Blinker7\C\Setall.bat
File Copy: F:\APLICA.DOS\LENGUAJE\Blinker7\C\Setbcp.bat
File Copy: F:\APLICA.DOS\LENGUAJE\Blinker7\C\Setdel.bat
File Copy: F:\APLICA.DOS\LENGUAJE\Blinker7\C\Setmvc.bat
File Copy: F:\APLICA.DOS\LENGUAJE\Blinker7\C\Swapdemo.c
File Copy: F:\APLICA.DOS\LENGUAJE\Blinker7\C\Test.c
File Copy: F:\APLICA.DOS\LENGUAJE\Blinker7\C\Testovl.lnk
File Copy: F:\APLICA.DOS\LENGUAJE\Blinker7\C\Xms.c
Made Dir: F:\APLICA.DOS\LENGUAJE\Blinker7\Clp
File Copy: F:\APLICA.DOS\LENGUAJE\Blinker7\Clp\All.rmk
File Copy: F:\APLICA.DOS\LENGUAJE\Blinker7\Clp\Blerrc50.prg
File Copy: F:\APLICA.DOS\LENGUAJE\Blinker7\Clp\Blerrprg.prg
File Copy: F:\APLICA.DOS\LENGUAJE\Blinker7\Clp\Blfrgprg.prg
File Copy: F:\APLICA.DOS\LENGUAJE\Blinker7\Clp\Blinker.ch
File Copy: F:\APLICA.DOS\LENGUAJE\Blinker7\Clp\Cldllext.prg
Made Dir: F:\APLICA.DOS\LENGUAJE\Blinker7\Clp\Dll
Made Dir: F:\APLICA.DOS\LENGUAJE\Blinker7\Clp\Dll\C4w
File Copy: F:\APLICA.DOS\LENGUAJE\Blinker7\Clp\Dll\C4w\Blic4w1.prg
File Copy: F:\APLICA.DOS\LENGUAJE\Blinker7\Clp\Dll\C4w\Blic4w2.prg
File Copy: F:\APLICA.DOS\LENGUAJE\Blinker7\Clp\Dll\C4w\Blic4w3.prg
File Copy: F:\APLICA.DOS\LENGUAJE\Blinker7\Clp\Dll\C4w\Blic4w4.prg
File Copy: F:\APLICA.DOS\LENGUAJE\Blinker7\Clp\Dll\C4w\D.lnk
File Copy: F:\APLICA.DOS\LENGUAJE\Blinker7\Clp\Dll\C4w\D.prg
File Copy: F:\APLICA.DOS\LENGUAJE\Blinker7\Clp\Dll\C4w\D52.lnk
File Copy: F:\APLICA.DOS\LENGUAJE\Blinker7\Clp\Dll\C4w\D53.lnk
File Copy: F:\APLICA.DOS\LENGUAJE\Blinker7\Clp\Dll\C4w\Make.bat
File Copy: F:\APLICA.DOS\LENGUAJE\Blinker7\Clp\Dll\C4w\Read.me
File Copy: F:\APLICA.DOS\LENGUAJE\Blinker7\Clp\Dll\C4w\T.lnk
File Copy: F:\APLICA.DOS\LENGUAJE\Blinker7\Clp\Dll\C4w\T.prg
File Copy: F:\APLICA.DOS\LENGUAJE\Blinker7\Clp\Dll\C4w\T.rmk
File Copy: F:\APLICA.DOS\LENGUAJE\Blinker7\Clp\Dll\C4w\T52.lnk
File Copy: F:\APLICA.DOS\LENGUAJE\Blinker7\Clp\Dll\C4w\T53.lnk
Made Dir: F:\APLICA.DOS\LENGUAJE\Blinker7\Clp\Dll\Dbu
File Copy: F:\APLICA.DOS\LENGUAJE\Blinker7\Clp\Dll\Dbu\Dbudll.lnk
File Copy: F:\APLICA.DOS\LENGUAJE\Blinker7\Clp\Dll\Dbu\Gdbudll.lnk
File Copy: F:\APLICA.DOS\LENGUAJE\Blinker7\Clp\Dll\Dbu\Make.bat
File Copy: F:\APLICA.DOS\LENGUAJE\Blinker7\Clp\Dll\Dbu\T.lnk
File Copy: F:\APLICA.DOS\LENGUAJE\Blinker7\Clp\Dll\Dbu\T.prg
Made Dir: F:\APLICA.DOS\LENGUAJE\Blinker7\Clp\Dll\Dyn
File Copy: F:\APLICA.DOS\LENGUAJE\Blinker7\Clp\Dll\Dyn\D.lnk
File Copy: F:\APLICA.DOS\LENGUAJE\Blinker7\Clp\Dll\Dyn\D.prg
File Copy: F:\APLICA.DOS\LENGUAJE\Blinker7\Clp\Dll\Dyn\D50.lnk
File Copy: F:\APLICA.DOS\LENGUAJE\Blinker7\Clp\Dll\Dyn\D52.lnk
File Copy: F:\APLICA.DOS\LENGUAJE\Blinker7\Clp\Dll\Dyn\D53.lnk
File Copy: F:\APLICA.DOS\LENGUAJE\Blinker7\Clp\Dll\Dyn\Make.bat
File Copy: F:\APLICA.DOS\LENGUAJE\Blinker7\Clp\Dll\Dyn\T.lnk
File Copy: F:\APLICA.DOS\LENGUAJE\Blinker7\Clp\Dll\Dyn\T.prg
File Copy: F:\APLICA.DOS\LENGUAJE\Blinker7\Clp\Dll\Dyn\T.rmk
File Copy: F:\APLICA.DOS\LENGUAJE\Blinker7\Clp\Dll\Dyn\T50.lnk
File Copy: F:\APLICA.DOS\LENGUAJE\Blinker7\Clp\Dll\Dyn\T52.lnk
File Copy: F:\APLICA.DOS\LENGUAJE\Blinker7\Clp\Dll\Dyn\T53.lnk
Made Dir: F:\APLICA.DOS\LENGUAJE\Blinker7\Clp\Dll\Fw
File Copy: F:\APLICA.DOS\LENGUAJE\Blinker7\Clp\Dll\Fw\Fivedll.lnk
File Copy: F:\APLICA.DOS\LENGUAJE\Blinker7\Clp\Dll\Fw\Fivedll.prg
File Copy: F:\APLICA.DOS\LENGUAJE\Blinker7\Clp\Dll\Fw\Fivedll.rmk
File Copy: F:\APLICA.DOS\LENGUAJE\Blinker7\Clp\Dll\Fw\Fiveexe.lnk
File Copy: F:\APLICA.DOS\LENGUAJE\Blinker7\Clp\Dll\Fw\Fiveexe.prg
File Copy: F:\APLICA.DOS\LENGUAJE\Blinker7\Clp\Dll\Fw\Fiveexe.rmk
File Copy: F:\APLICA.DOS\LENGUAJE\Blinker7\Clp\Dll\Fw\Fivestub.lib
File Copy: F:\APLICA.DOS\LENGUAJE\Blinker7\Clp\Dll\Fw\Read.me
Made Dir: F:\APLICA.DOS\LENGUAJE\Blinker7\Clp\Dll\Stc
File Copy: F:\APLICA.DOS\LENGUAJE\Blinker7\Clp\Dll\Stc\D.lnk
File Copy: F:\APLICA.DOS\LENGUAJE\Blinker7\Clp\Dll\Stc\D.prg
File Copy: F:\APLICA.DOS\LENGUAJE\Blinker7\Clp\Dll\Stc\D50.lnk
File Copy: F:\APLICA.DOS\LENGUAJE\Blinker7\Clp\Dll\Stc\D52.lnk
File Copy: F:\APLICA.DOS\LENGUAJE\Blinker7\Clp\Dll\Stc\D53.lnk
File Copy: F:\APLICA.DOS\LENGUAJE\Blinker7\Clp\Dll\Stc\Make.bat
File Copy: F:\APLICA.DOS\LENGUAJE\Blinker7\Clp\Dll\Stc\T.lnk
File Copy: F:\APLICA.DOS\LENGUAJE\Blinker7\Clp\Dll\Stc\T.prg
File Copy: F:\APLICA.DOS\LENGUAJE\Blinker7\Clp\Dll\Stc\T.rmk
File Copy: F:\APLICA.DOS\LENGUAJE\Blinker7\Clp\Dll\Stc\T50.lnk
File Copy: F:\APLICA.DOS\LENGUAJE\Blinker7\Clp\Dll\Stc\T52.lnk
File Copy: F:\APLICA.DOS\LENGUAJE\Blinker7\Clp\Dll\Stc\T53.lnk
File Copy: F:\APLICA.DOS\LENGUAJE\Blinker7\Clp\Dll\Stc\Tw.lnk
File Copy: F:\APLICA.DOS\LENGUAJE\Blinker7\Clp\Dll\Stc\Tw.prg
File Copy: F:\APLICA.DOS\LENGUAJE\Blinker7\Clp\Dll\Stc\Tw50.lnk
File Copy: F:\APLICA.DOS\LENGUAJE\Blinker7\Clp\Dll\Stc\Tw52.lnk
File Copy: F:\APLICA.DOS\LENGUAJE\Blinker7\Clp\Dll\Stc\Tw53.lnk
File Copy: F:\APLICA.DOS\LENGUAJE\Blinker7\Clp\Limerick.prg
Made Dir: F:\APLICA.DOS\LENGUAJE\Blinker7\Clp\Lnk
File Copy: F:\APLICA.DOS\LENGUAJE\Blinker7\Clp\Lnk\Cdx520.lnk
File Copy: F:\APLICA.DOS\LENGUAJE\Blinker7\Clp\Lnk\Cl501max.lnk
File Copy: F:\APLICA.DOS\LENGUAJE\Blinker7\Clp\Lnk\Cl501mid.lnk
File Copy: F:\APLICA.DOS\LENGUAJE\Blinker7\Clp\Lnk\Cl501min.lnk
File Copy: F:\APLICA.DOS\LENGUAJE\Blinker7\Clp\Lnk\Cl520max.lnk
File Copy: F:\APLICA.DOS\LENGUAJE\Blinker7\Clp\Lnk\Cl520mid.lnk
File Copy: F:\APLICA.DOS\LENGUAJE\Blinker7\Clp\Lnk\Cl520min.lnk
File Copy: F:\APLICA.DOS\LENGUAJE\Blinker7\Clp\Lnk\Cl530max.lnk
File Copy: F:\APLICA.DOS\LENGUAJE\Blinker7\Clp\Lnk\Cl530mid.lnk
File Copy: F:\APLICA.DOS\LENGUAJE\Blinker7\Clp\Lnk\Cl87max.lnk
File Copy: F:\APLICA.DOS\LENGUAJE\Blinker7\Clp\Lnk\Cl87mid.lnk
File Copy: F:\APLICA.DOS\LENGUAJE\Blinker7\Clp\Lnk\Cl87min.lnk
File Copy: F:\APLICA.DOS\LENGUAJE\Blinker7\Clp\Lnk\Mdx520.lnk
File Copy: F:\APLICA.DOS\LENGUAJE\Blinker7\Clp\Lnk\Ndx520.lnk
File Copy: F:\APLICA.DOS\LENGUAJE\Blinker7\Clp\Lnk\Ntx520.lnk
File Copy: F:\APLICA.DOS\LENGUAJE\Blinker7\Clp\Msgsys15.zip
File Copy: F:\APLICA.DOS\LENGUAJE\Blinker7\Clp\Profiler.prg
File Copy: F:\APLICA.DOS\LENGUAJE\Blinker7\Clp\Sample5x.lnk
File Copy: F:\APLICA.DOS\LENGUAJE\Blinker7\Clp\Sample87.lnk
File Copy: F:\APLICA.DOS\LENGUAJE\Blinker7\Clp\Setclp.bat
File Copy: F:\APLICA.DOS\LENGUAJE\Blinker7\Clp\Setdel.bat
File Copy: F:\APLICA.DOS\LENGUAJE\Blinker7\Clp\Swapdemo.prg
File Copy: F:\APLICA.DOS\LENGUAJE\Blinker7\Clp\Test.prg
File Copy: F:\APLICA.DOS\LENGUAJE\Blinker7\Clp\Testovl.lnk
Made Dir: F:\APLICA.DOS\LENGUAJE\Blinker7\Clp\Tpl
File Copy: F:\APLICA.DOS\LENGUAJE\Blinker7\Clp\Tpl\Blidua.tpl
File Copy: F:\APLICA.DOS\LENGUAJE\Blinker7\Clp\Tpl\Bliext.tpl
File Copy: F:\APLICA.DOS\LENGUAJE\Blinker7\Clp\Tpl\Blirmd.tpl
Made Dir: F:\APLICA.DOS\LENGUAJE\Blinker7\For
File Copy: F:\APLICA.DOS\LENGUAJE\Blinker7\For\Blinker.fd
File Copy: F:\APLICA.DOS\LENGUAJE\Blinker7\For\Blinker.fi
File Copy: F:\APLICA.DOS\LENGUAJE\Blinker7\For\Blx286.fd
File Copy: F:\APLICA.DOS\LENGUAJE\Blinker7\For\Blx286.fi
File Copy: F:\APLICA.DOS\LENGUAJE\Blinker7\For\Limerick.for
File Copy: F:\APLICA.DOS\LENGUAJE\Blinker7\For\Swapdemo.for
File Copy: F:\APLICA.DOS\LENGUAJE\Blinker7\For\Test.for
File Copy: F:\APLICA.DOS\LENGUAJE\Blinker7\For\Testovl.lnk
Made Dir: F:\APLICA.DOS\LENGUAJE\Blinker7\Frc
Made Dir: F:\APLICA.DOS\LENGUAJE\Blinker7\Frc\Force2
File Copy: F:\APLICA.DOS\LENGUAJE\Blinker7\Frc\Force2\Blerrprg.prg
File Copy: F:\APLICA.DOS\LENGUAJE\Blinker7\Frc\Force2\Blinker.hdr
File Copy: F:\APLICA.DOS\LENGUAJE\Blinker7\Frc\Force2\Limerick.prg
Made Dir: F:\APLICA.DOS\LENGUAJE\Blinker7\Frc\Force2\Obj
File Copy: F:\APLICA.DOS\LENGUAJE\Blinker7\Frc\Force2\Obj\Fmm21e.obj
File Copy: F:\APLICA.DOS\LENGUAJE\Blinker7\Frc\Force2\Obj\Fmm24c.obj
File Copy: F:\APLICA.DOS\LENGUAJE\Blinker7\Frc\Force2\Obj\Fmm24e.obj
File Copy: F:\APLICA.DOS\LENGUAJE\Blinker7\Frc\Force2\Swapdemo.prg
File Copy: F:\APLICA.DOS\LENGUAJE\Blinker7\Frc\Force2\Test.lnk
File Copy: F:\APLICA.DOS\LENGUAJE\Blinker7\Frc\Force2\Test.prg
File Copy: F:\APLICA.DOS\LENGUAJE\Blinker7\Frc\Force2\Testovl.lnk
Made Dir: F:\APLICA.DOS\LENGUAJE\Blinker7\Frc\Force4
File Copy: F:\APLICA.DOS\LENGUAJE\Blinker7\Frc\Force4\Blerrprg.prg
File Copy: F:\APLICA.DOS\LENGUAJE\Blinker7\Frc\Force4\Blinker.hdr
File Copy: F:\APLICA.DOS\LENGUAJE\Blinker7\Frc\Force4\Limerick.prg
Made Dir: F:\APLICA.DOS\LENGUAJE\Blinker7\Frc\Force4\Mini
File Copy: F:\APLICA.DOS\LENGUAJE\Blinker7\Frc\Force4\Mini\F40mini.lib
File Copy: F:\APLICA.DOS\LENGUAJE\Blinker7\Frc\Force4\Mini\Make.bat
File Copy: F:\APLICA.DOS\LENGUAJE\Blinker7\Frc\Force4\Mini\Mini.obj
File Copy: F:\APLICA.DOS\LENGUAJE\Blinker7\Frc\Force4\Mini\Mini.prg
File Copy: F:\APLICA.DOS\LENGUAJE\Blinker7\Frc\Force4\Swapdemo.prg
File Copy: F:\APLICA.DOS\LENGUAJE\Blinker7\Frc\Force4\Test.lnk
File Copy: F:\APLICA.DOS\LENGUAJE\Blinker7\Frc\Force4\Test.prg
File Copy: F:\APLICA.DOS\LENGUAJE\Blinker7\Frc\Force4\Testovl.lnk
File Copy: F:\APLICA.DOS\LENGUAJE\Blinker7\Frc\Readme.frc
Made Dir: F:\APLICA.DOS\LENGUAJE\Blinker7\Lib
File Copy: F:\APLICA.DOS\LENGUAJE\Blinker7\Lib\Blxbcp.310
File Copy: F:\APLICA.DOS\LENGUAJE\Blinker7\Lib\Blxbcp.450
File Copy: F:\APLICA.DOS\LENGUAJE\Blinker7\Lib\Blxbcp.all
File Copy: F:\APLICA.DOS\LENGUAJE\Blinker7\Lib\Blxclp.501
File Copy: F:\APLICA.DOS\LENGUAJE\Blinker7\Lib\Blxclp.502
File Copy: F:\APLICA.DOS\LENGUAJE\Blinker7\Lib\Blxclp.520
File Copy: F:\APLICA.DOS\LENGUAJE\Blinker7\Lib\Blxclp.530
File Copy: F:\APLICA.DOS\LENGUAJE\Blinker7\Lib\Blxclp.all
File Copy: F:\APLICA.DOS\LENGUAJE\Blinker7\Lib\Blxmsc.510
File Copy: F:\APLICA.DOS\LENGUAJE\Blinker7\Lib\Blxmsc.600
File Copy: F:\APLICA.DOS\LENGUAJE\Blinker7\Lib\Blxmsc.700
File Copy: F:\APLICA.DOS\LENGUAJE\Blinker7\Lib\Blxmsc.all
File Copy: F:\APLICA.DOS\LENGUAJE\Blinker7\Lib\Blxmsc.c6f
File Copy: F:\APLICA.DOS\LENGUAJE\Blinker7\Lib\Blxmsf.510
File Copy: F:\APLICA.DOS\LENGUAJE\Blinker7\Lib\Blxmvc.100
File Copy: F:\APLICA.DOS\LENGUAJE\Blinker7\Lib\Blxratex.lib
File Copy: F:\APLICA.DOS\LENGUAJE\Blinker7\Lib\Blxscp.610
File Copy: F:\APLICA.DOS\LENGUAJE\Blinker7\Lib\Blxscp.750
File Copy: F:\APLICA.DOS\LENGUAJE\Blinker7\Lib\Blxscp.all
File Copy: F:\APLICA.DOS\LENGUAJE\Blinker7\Lib\Blxwcc10.lib
File Copy: F:\APLICA.DOS\LENGUAJE\Blinker7\Lib\Blxwcc11.lib
Made Dir: F:\APLICA.DOS\LENGUAJE\Blinker7\Mod
File Copy: F:\APLICA.DOS\LENGUAJE\Blinker7\Mod\Blerrhan.def
File Copy: F:\APLICA.DOS\LENGUAJE\Blinker7\Mod\Blerrhan.mod
File Copy: F:\APLICA.DOS\LENGUAJE\Blinker7\Mod\Blinker.def
File Copy: F:\APLICA.DOS\LENGUAJE\Blinker7\Mod\Swapdemo.mod
Made Dir: F:\APLICA.DOS\LENGUAJE\Blinker7\Obj
File Copy: F:\APLICA.DOS\LENGUAJE\Blinker7\Obj\Bldclp50.obj
File Copy: F:\APLICA.DOS\LENGUAJE\Blinker7\Obj\Blxclp50.obj
File Copy: F:\APLICA.DOS\LENGUAJE\Blinker7\Obj\Blxclp52.obj
File Copy: F:\APLICA.DOS\LENGUAJE\Blinker7\Obj\Blxclp53.obj
File Copy: F:\APLICA.DOS\LENGUAJE\Blinker7\Obj\Blxshftp.obj
File Copy: F:\APLICA.DOS\LENGUAJE\Blinker7\Obj\Blxshftr.obj
File Copy: F:\APLICA.DOS\LENGUAJE\Blinker7\Obj\C0hp31.obj
File Copy: F:\APLICA.DOS\LENGUAJE\Blinker7\Obj\C0hp40.obj
File Copy: F:\APLICA.DOS\LENGUAJE\Blinker7\Obj\C0hp45.obj
File Copy: F:\APLICA.DOS\LENGUAJE\Blinker7\Obj\C0lp31.obj
File Copy: F:\APLICA.DOS\LENGUAJE\Blinker7\Obj\C0lp40.obj
File Copy: F:\APLICA.DOS\LENGUAJE\Blinker7\Obj\C0lp45.obj
File Copy: F:\APLICA.DOS\LENGUAJE\Blinker7\Obj\Fp7bcp31.obj
File Copy: F:\APLICA.DOS\LENGUAJE\Blinker7\Obj\Fp7bcp40.obj
File Copy: F:\APLICA.DOS\LENGUAJE\Blinker7\Obj\Fp7wcc10.obj
File Copy: F:\APLICA.DOS\LENGUAJE\Blinker7\Obj\Mpar.obj
File Copy: F:\APLICA.DOS\LENGUAJE\Blinker7\Packing.lst
Made Dir: F:\APLICA.DOS\LENGUAJE\Blinker7\Pas
File Copy: F:\APLICA.DOS\LENGUAJE\Blinker7\Pas\Blinker.inc
File Copy: F:\APLICA.DOS\LENGUAJE\Blinker7\Pas\Limerick.pas
File Copy: F:\APLICA.DOS\LENGUAJE\Blinker7\Pas\Swapdemo.pas
File Copy: F:\APLICA.DOS\LENGUAJE\Blinker7\Pas\Test.pas
File Copy: F:\APLICA.DOS\LENGUAJE\Blinker7\Pas\Testovl.lnk
File Copy: F:\APLICA.DOS\LENGUAJE\Blinker7\Readme.txt
File Copy: F:\APLICA.DOS\LENGUAJE\Blinker7\Readme.wri
File Copy: F:\APLICA.DOS\LENGUAJE\Blinker7\Xpp\Dbu.lnk
File Copy: F:\APLICA.DOS\LENGUAJE\Blinker7\Xpp\Dll\Main.lnk
File Copy: F:\APLICA.DOS\LENGUAJE\Blinker7\Xpp\Dll\Make.bat
File Copy: F:\APLICA.DOS\LENGUAJE\Blinker7\Xpp\Dll\Project.xpj
File Copy: F:\APLICA.DOS\LENGUAJE\Blinker7\Xpp\Dll\Xdll1.lnk
File Overwrite: F:\APLICA.DOS\LENGUAJE\Blinker7\Unwise.exe
File Copy: F:\APLICA.DOS\LENGUAJE\Blinker7\BIN\BLINKER.DLL
File Copy: F:\APLICA.DOS\LENGUAJE\Blinker7\BIN\BLINKER.EXE
Made Dir: C:\WINDOWS\Menú Inicio\Programas\Blinker 7.0
Shell Link: C:\WINDOWS\Menú Inicio\Programas\Blinker 7.0\Read Me.lnk
Shell Link: C:\WINDOWS\Menú Inicio\Programas\Blinker 7.0\Blinker.lnk
Shell Link: C:\WINDOWS\Menú Inicio\Programas\Blinker 7.0\Blinker Online Reference.lnk
Shell Link: C:\WINDOWS\Menú Inicio\Programas\Blinker 7.0\Uninstall Blinker.lnk
File Tree: F:\APLICA.DOS\LENGUAJE\BLINKER7\*.*
